{
  "RSpec": {
    "coverage": {
      "/Users/adamsnow/OneDrive/MacBook/Coding/weekly_projects/tech_tests/bank_tech_test/spec/account_spec.rb": [
        1,
        null,
        1,
        5,
        5,
        5,
        null,
        1,
        1,
        null,
        null,
        1,
        1,
        1,
        null,
        null,
        null,
        1,
        1,
        1,
        1,
        null,
        null,
        1,
        1,
        1,
        null,
        null
      ],
      "/Users/adamsnow/OneDrive/MacBook/Coding/weekly_projects/tech_tests/bank_tech_test/lib/account.rb": [
        1,
        1,
        1,
        null,
        1,
        7,
        7,
        null,
        null,
        1,
        8,
        8,
        null,
        null,
        1,
        2,
        2,
        null,
        null
      ],
      "/Users/adamsnow/OneDrive/MacBook/Coding/weekly_projects/tech_tests/bank_tech_test/lib/transaction_log.rb": [
        1,
        1,
        null,
        1,
        6,
        null,
        null,
        1,
        8,
        8,
        8,
        8,
        8,
        null,
        null
      ],
      "/Users/adamsnow/OneDrive/MacBook/Coding/weekly_projects/tech_tests/bank_tech_test/spec/feature_spec.rb": [
        1,
        1,
        null,
        1,
        4,
        null,
        1,
        1,
        1,
        1,
        null,
        null,
        null,
        null,
        null,
        1,
        1,
        1,
        1,
        1,
        null,
        null,
        null,
        null,
        null,
        null,
        1,
        1,
        1,
        1,
        1,
        2,
        null,
        null,
        null,
        null,
        null
      ],
      "/Users/adamsnow/OneDrive/MacBook/Coding/weekly_projects/tech_tests/bank_tech_test/lib/statement.rb": [
        1,
        1,
        null,
        1,
        8,
        8,
        8,
        8,
        null,
        null,
        1,
        8,
        16,
        10,
        null,
        6,
        null,
        null,
        null,
        null,
        1,
        5,
        5,
        5,
        null,
        null,
        1,
        null,
        1,
        10,
        null,
        10,
        null,
        null,
        1,
        6,
        null,
        6,
        null,
        null,
        null
      ],
      "/Users/adamsnow/OneDrive/MacBook/Coding/weekly_projects/tech_tests/bank_tech_test/spec/statement_spec.rb": [
        1,
        null,
        1,
        6,
        null,
        null,
        null,
        null,
        6,
        null,
        1,
        1,
        null,
        null,
        1,
        1,
        null,
        null,
        null,
        null,
        null,
        1,
        1,
        null,
        null,
        null,
        null,
        null,
        1,
        1,
        null,
        null,
        null,
        null,
        null,
        null,
        null,
        1,
        2,
        null,
        null,
        null,
        null
      ],
      "/Users/adamsnow/OneDrive/MacBook/Coding/weekly_projects/tech_tests/bank_tech_test/spec/transaction_log_spec.rb": [
        1,
        null,
        1,
        4,
        null,
        1,
        1,
        null,
        null,
        1,
        1,
        1,
        null,
        null,
        null,
        null,
        1,
        1,
        1,
        null,
        null,
        null,
        null,
        null
      ]
    },
    "timestamp": 1497273519
  }
}
