{
  "RSpec": {
    "coverage": {
      "/Users/adamsnow/OneDrive/MacBook/Coding/weekly_projects/tech_tests/bank_tech_test/spec/account_spec.rb": [
        1,
        null,
        1,
        5,
        5,
        5,
        null,
        1,
        1,
        null,
        null,
        1,
        1,
        1,
        null,
        null,
        null,
        1,
        1,
        1,
        1,
        null,
        null,
        1,
        1,
        1,
        null,
        null
      ],
      "/Users/adamsnow/OneDrive/MacBook/Coding/weekly_projects/tech_tests/bank_tech_test/lib/account.rb": [
        1,
        1,
        1,
        1,
        1,
        null,
        1,
        5,
        5,
        null,
        null,
        1,
        5,
        5,
        null,
        null,
        1,
        2,
        2,
        null,
        null
      ],
      "/Users/adamsnow/OneDrive/MacBook/Coding/weekly_projects/tech_tests/bank_tech_test/lib/transaction_log.rb": [
        1,
        1,
        null,
        1,
        5,
        null,
        null,
        1,
        6,
        null,
        null
      ],
      "/Users/adamsnow/OneDrive/MacBook/Coding/weekly_projects/tech_tests/bank_tech_test/lib/withdraw.rb": [
        1,
        1,
        null,
        1,
        6,
        6,
        6,
        null,
        null,
        1,
        2,
        null,
        null
      ],
      "/Users/adamsnow/OneDrive/MacBook/Coding/weekly_projects/tech_tests/bank_tech_test/lib/deposit.rb": [
        1,
        1,
        null,
        1,
        9,
        9,
        9,
        null,
        null,
        1,
        3,
        null,
        null
      ],
      "/Users/adamsnow/OneDrive/MacBook/Coding/weekly_projects/tech_tests/bank_tech_test/spec/deposit_spec.rb": [
        1,
        null,
        1,
        5,
        null,
        1,
        1,
        null,
        null,
        1,
        1,
        null,
        null,
        1,
        1,
        null,
        null,
        1,
        1,
        null,
        null
      ],
      "/Users/adamsnow/OneDrive/MacBook/Coding/weekly_projects/tech_tests/bank_tech_test/spec/feature_spec.rb": [
        1,
        1,
        null,
        1,
        2,
        null,
        1,
        1,
        1,
        1,
        1,
        2,
        null,
        null,
        null,
        null,
        null
      ],
      "/Users/adamsnow/OneDrive/MacBook/Coding/weekly_projects/tech_tests/bank_tech_test/lib/statement.rb": [
        1,
        1,
        null,
        1,
        3,
        3,
        3,
        3,
        null,
        null,
        1,
        3,
        7,
        null,
        null,
        null,
        1,
        2,
        2,
        null,
        null
      ],
      "/Users/adamsnow/OneDrive/MacBook/Coding/weekly_projects/tech_tests/bank_tech_test/spec/statement_spec.rb": [
        1,
        null,
        1,
        3,
        3,
        3,
        3,
        3,
        3,
        null,
        1,
        1,
        null,
        null,
        1,
        2,
        null,
        null,
        null,
        null
      ],
      "/Users/adamsnow/OneDrive/MacBook/Coding/weekly_projects/tech_tests/bank_tech_test/spec/transaction_log_spec.rb": [
        1,
        null,
        1,
        5,
        4,
        null,
        1,
        1,
        null,
        null,
        1,
        1,
        1,
        null,
        null,
        1,
        1,
        1,
        null,
        null,
        1,
        1,
        1,
        null,
        null,
        null
      ],
      "/Users/adamsnow/OneDrive/MacBook/Coding/weekly_projects/tech_tests/bank_tech_test/spec/withdraw_spec.rb": [
        1,
        null,
        1,
        5,
        null,
        1,
        1,
        null,
        null,
        1,
        1,
        null,
        null,
        1,
        1,
        null,
        null,
        1,
        1,
        null,
        null
      ]
    },
    "timestamp": 1497288413
  }
}
